[0mGET /hotel [36m304[0m 33.112 ms - -[0m
[0mGET /fontawesome/css/all.min.css [33m404[0m 5.249 ms - 166[0m
[0mGET /slick/slick.css [33m404[0m 1.793 ms - 154[0m
[0mGET /slick/slick-theme.css [33m404[0m 0.754 ms - 160[0m
[0mGET /slick/slick.min.js [33m404[0m 0.901 ms - 157[0m
[0mGET /img/stripe.png [33m404[0m 0.739 ms - 153[0m
[0mGET /img/stripe-short.png [33m404[0m 1.062 ms - 159[0m
[0mGET /slick/slick.min.js [33m404[0m 0.837 ms - 157[0m
[0mGET /img/real-dynamic-banner-01.jpg [33m404[0m 0.854 ms - 169[0m
[0mGET /hotel [36m304[0m 9.972 ms - -[0m
[0mGET /fontawesome/css/all.min.css [33m404[0m 0.927 ms - 166[0m
[0mGET /slick/slick.css [33m404[0m 0.910 ms - 154[0m
[0mGET /slick/slick-theme.css [33m404[0m 0.775 ms - 160[0m
[0mGET /slick/slick.min.js [33m404[0m 0.628 ms - 157[0m
[0mGET /img/stripe.png [33m404[0m 0.380 ms - 153[0m
[0mGET /img/stripe-short.png [33m404[0m 1.346 ms - 159[0m
[0mGET /slick/slick.min.js [33m404[0m 0.553 ms - 157[0m
[0mGET /img/real-dynamic-banner-01.jpg [33m404[0m 0.494 ms - 169[0m
[0mGET /city [36m304[0m 7.737 ms - -[0m
[0mGET /fontawesome/css/all.min.css [33m404[0m 0.739 ms - 166[0m
[0mGET /slick/slick.css [33m404[0m 0.531 ms - 154[0m
[0mGET /slick/slick-theme.css [33m404[0m 0.613 ms - 160[0m
[0mGET /slick/slick.min.js [33m404[0m 0.604 ms - 157[0m
[0mGET /img/stripe.png [33m404[0m 0.649 ms - 153[0m
[0mGET /img/stripe-short.png [33m404[0m 0.705 ms - 159[0m
[0mGET /slick/slick.min.js [33m404[0m 0.380 ms - 157[0m
[0mGET /img/real-dynamic-banner-01.jpg [33m404[0m 0.391 ms - 169[0m
[0mGET /city [36m304[0m 26.094 ms - -[0m
[0mGET /fontawesome/css/all.min.css [33m404[0m 5.832 ms - 166[0m
[0mGET /slick/slick.css [33m404[0m 1.977 ms - 154[0m
[0mGET /slick/slick-theme.css [33m404[0m 0.764 ms - 160[0m
[0mGET /slick/slick.min.js [33m404[0m 0.692 ms - 157[0m
[0mGET /img/stripe.png [33m404[0m 0.629 ms - 153[0m
[0mGET /img/stripe-short.png [33m404[0m 0.866 ms - 159[0m
[0mGET /slick/slick.min.js [33m404[0m 0.793 ms - 157[0m
[0mGET /img/real-dynamic-banner-01.jpg [33m404[0m 0.474 ms - 169[0m
[0mGET / [31m500[0m 9.362 ms - 2538[0m
[0mGET / [31m500[0m 23.797 ms - 2465[0m
[0mGET / [31m500[0m 22.832 ms - 1236[0m
[0mGET / [32m200[0m 42.163 ms - 17151[0m
[0mGET /fontawesome/css/all.min.css [33m404[0m 4.140 ms - 166[0m
[0mGET /slick/slick.css [33m404[0m 2.067 ms - 154[0m
[0mGET /slick/slick-theme.css [33m404[0m 1.109 ms - 160[0m
[0mGET /slick/slick.min.js [33m404[0m 0.934 ms - 157[0m
[0mGET /img/stripe.png [33m404[0m 0.771 ms - 153[0m
[0mGET /img/stripe-short.png [33m404[0m 0.733 ms - 159[0m
[0mGET /slick/slick.min.js [33m404[0m 1.155 ms - 157[0m
[0mGET /img/real-dynamic-banner-01.jpg [33m404[0m 0.896 ms - 169[0m
[0mGET /about.html [33m404[0m 1.217 ms - 149[0m
[0mGET /hotel [36m304[0m 5.818 ms - -[0m
[0mGET /fontawesome/css/all.min.css [33m404[0m 0.728 ms - 166[0m
[0mGET /slick/slick.css [33m404[0m 0.746 ms - 154[0m
[0mGET /slick/slick-theme.css [33m404[0m 0.751 ms - 160[0m
[0mGET /slick/slick.min.js [33m404[0m 0.692 ms - 157[0m
[0mGET /img/stripe.png [33m404[0m 0.720 ms - 153[0m
[0mGET /img/stripe-short.png [33m404[0m 0.828 ms - 159[0m
[0mGET /slick/slick.min.js [33m404[0m 0.818 ms - 157[0m
[0mGET /img/real-dynamic-banner-01.jpg [33m404[0m 0.453 ms - 169[0m
